<?xml version="1.0" encoding="UTF-8"?>
<!-- Generated by org.testng.reporters.JUnitReportReporter -->
<testsuite hostname="Mais-MacBook-Air.local" failures="0" tests="1" name="automation.testsuite.Day16_AlertTest" time="46.090" errors="0" timestamp="2025-03-09T14:39:54 ICT" skipped="0">
  <testcase classname="automation.testsuite.Day16_AlertTest" name="pressCancelButton" time="46.090"/>
  <system-out/>
</testsuite> <!-- automation.testsuite.Day16_AlertTest -->
