<?xml version="1.0" encoding="UTF-8"?>
<!-- Generated by org.testng.reporters.JUnitReportReporter -->
<testsuite hostname="Mais-MacBook-Air.local" failures="0" tests="1" name="automation.testsuite.Day18_Homework1_test" time="8.273" errors="0" timestamp="2025-03-23T13:32:16 ICT" skipped="0">
  <testcase classname="automation.testsuite.Day18_Homework1_test" name="verifySuccessfully" time="8.273"/>
  <system-out/>
</testsuite> <!-- automation.testsuite.Day18_Homework1_test -->
