<?xml version="1.0" encoding="UTF-8"?>
<!-- Generated by org.testng.reporters.JUnitReportReporter -->
<testsuite hostname="Mais-MacBook-Air.local" failures="0" tests="4" name="automation.testsuite.HomeWork_day13" time="17.498" errors="0" timestamp="2025-02-26T20:13:08 ICT" skipped="0">
  <testcase classname="automation.testsuite.HomeWork_day13" name="loginFail_Incorrect_Email_Password" time="4.869"/>
  <system-out/>
  <testcase classname="automation.testsuite.HomeWork_day13" name="loginSuccessfully" time="4.631"/>
  <system-out/>
  <testcase classname="automation.testsuite.HomeWork_day13" name="loginFail_IncorrectEmail" time="4.050"/>
  <system-out/>
  <testcase classname="automation.testsuite.HomeWork_day13" name="loginFail_IncorrectPassword" time="3.948"/>
  <system-out/>
</testsuite> <!-- automation.testsuite.HomeWork_day13 -->
