<?xml version="1.0" encoding="UTF-8"?>
<!-- Generated by org.testng.reporters.JUnitReportReporter -->
<testsuite hostname="Mais-MacBook-Air.local" failures="0" tests="1" name="automation.testsuite.Day16_Homework_Exercise3" time="15.260" errors="0" timestamp="2025-03-09T15:03:37 ICT" skipped="0">
  <testcase classname="automation.testsuite.Day16_Homework_Exercise3" name="verifySucxessfully" time="15.260"/>
  <system-out/>
</testsuite> <!-- automation.testsuite.Day16_Homework_Exercise3 -->
