<?xml version="1.0" encoding="UTF-8"?>
<!-- Generated by org.testng.reporters.JUnitReportReporter -->
<testsuite hostname="192.168.1.8.non-exists.ptr.local" failures="0" tests="1" name="automation.testsuite.HomeWork_day12" time="30.936" errors="0" timestamp="2025-02-19T13:51:24 ICT" skipped="0">
  <testcase classname="automation.testsuite.HomeWork_day12" name="chooseAngolaOption" time="30.936"/>
  <system-out/>
</testsuite> <!-- automation.testsuite.HomeWork_day12 -->
