<?xml version="1.0" encoding="UTF-8"?>
<!-- Generated by org.testng.reporters.JUnitReportReporter -->
<testsuite hostname="Mais-MacBook-Air.local" failures="0" tests="1" name="automation.testsuite.Day18_Bepantoan_Test" time="125.207" errors="0" timestamp="2025-03-16T21:44:05 ICT" skipped="0">
  <testcase classname="automation.testsuite.Day18_Bepantoan_Test" name="testBepTu_Bosch" time="125.207"/>
  <system-out/>
</testsuite> <!-- automation.testsuite.Day18_Bepantoan_Test -->
