<?xml version="1.0" encoding="UTF-8"?>
<!-- Generated by org.testng.reporters.JUnitReportReporter -->
<testsuite hostname="Mais-MacBook-Air.local" failures="0" tests="2" name="automation.testsuite.Day18_Homework2_Test" time="11.921" errors="0" timestamp="2025-03-23T13:31:18 ICT" skipped="0">
  <testcase classname="automation.testsuite.Day18_Homework2_Test" name="verifySuccessfully" time="5.921"/>
  <system-out/>
  <testcase classname="automation.testsuite.Day18_Homework2_Test" name="verifySuccessfully" time="6.000"/>
  <system-out/>
</testsuite> <!-- automation.testsuite.Day18_Homework2_Test -->
