<?xml version="1.0" encoding="UTF-8"?>
<!-- Generated by org.testng.reporters.JUnitReportReporter -->
<testsuite hostname="Mais-MacBook-Air.local" failures="0" tests="5" name="automation.testsuite.LoginTest" time="143.402" errors="0" timestamp="2025-02-04T22:39:45 ICT" skipped="0">
  <testcase classname="automation.testsuite.LoginTest" name="locateByTagName" time="28.596"/>
  <system-out/>
  <testcase classname="automation.testsuite.LoginTest" name="locateById" time="29.525"/>
  <system-out/>
  <testcase classname="automation.testsuite.LoginTest" name="locateByName" time="27.740"/>
  <system-out/>
  <testcase classname="automation.testsuite.LoginTest" name="locateByClassName" time="28.039"/>
  <system-out/>
  <testcase classname="automation.testsuite.LoginTest" name="locateByLinkText" time="29.502"/>
  <system-out/>
</testsuite> <!-- automation.testsuite.LoginTest -->
