<?xml version="1.0" encoding="UTF-8"?>
<!-- Generated by org.testng.reporters.JUnitReportReporter -->
<testsuite hostname="Mais-MacBook-Air.local" failures="0" tests="1" name="automation.testsuite.Day17_Homework_Mediamart" time="56.583" errors="0" timestamp="2025-03-12T21:02:01 ICT" skipped="0">
  <testcase classname="automation.testsuite.Day17_Homework_Mediamart" name="testZaloChat" time="56.583"/>
  <system-out/>
</testsuite> <!-- automation.testsuite.Day17_Homework_Mediamart -->
