<?xml version="1.0" encoding="UTF-8"?>
<!-- Generated by org.testng.reporters.JUnitReportReporter -->
<testsuite hostname="Mais-MacBook-Air.local" failures="0" tests="1" name="automation.testsuite.HomeWork_day13" time="5.201" errors="0" timestamp="2025-03-09T11:44:55 ICT" skipped="0">
  <testcase classname="automation.testsuite.HomeWork_day13" name="loginSuccessfully" time="5.201"/>
  <system-out/>
</testsuite> <!-- automation.testsuite.HomeWork_day13 -->
