<?xml version="1.0" encoding="UTF-8"?>
<!-- Generated by org.testng.reporters.JUnitReportReporter -->
<testsuite hostname="Mais-MacBook-Air.local" failures="0" tests="1" name="automation.testsuite.HomeWork_day12" time="24.997" errors="0" timestamp="2025-02-25T19:52:33 ICT" skipped="0">
  <testcase classname="automation.testsuite.HomeWork_day12" name="chooseAngolaOption" time="24.997"/>
  <system-out/>
</testsuite> <!-- automation.testsuite.HomeWork_day12 -->
