<?xml version="1.0" encoding="UTF-8"?>
<!-- Generated by org.testng.reporters.JUnitReportReporter -->
<testsuite hostname="Mais-MacBook-Air.local" failures="0" tests="1" name="automation.testsuite.Day17_Popup_Test" time="30.262" errors="0" timestamp="2025-03-10T21:55:28 ICT" skipped="0">
  <testcase classname="automation.testsuite.Day17_Popup_Test" name="testPopup" time="30.262"/>
  <system-out/>
</testsuite> <!-- automation.testsuite.Day17_Popup_Test -->
