<?xml version="1.0" encoding="UTF-8"?>
<!-- Generated by org.testng.reporters.JUnitReportReporter -->
<testsuite hostname="Mais-MacBook-Air.local" failures="0" tests="4" name="automation.testsuite.Day15_TADA_UpdatePassword_Test" time="212.270" errors="0" timestamp="2025-03-04T23:01:45 ICT" skipped="0">
  <testcase classname="automation.testsuite.Day15_TADA_UpdatePassword_Test" name="loginSuccessfully" time="38.560"/>
  <system-out/>
  <testcase classname="automation.testsuite.Day15_TADA_UpdatePassword_Test" name="updatePassSuccessfully" time="49.761"/>
  <system-out/>
  <testcase classname="automation.testsuite.Day15_TADA_UpdatePassword_Test" name="updatePassSuccessfullyBack" time="59.644"/>
  <system-out/>
  <testcase classname="automation.testsuite.Day15_TADA_UpdatePassword_Test" name="searchKHoahoc" time="64.305"/>
  <system-out/>
</testsuite> <!-- automation.testsuite.Day15_TADA_UpdatePassword_Test -->
