<?xml version="1.0" encoding="UTF-8"?>
<!-- Generated by org.testng.reporters.JUnitReportReporter -->
<testsuite hostname="Mais-MacBook-Air.local" failures="0" tests="1" name="automation.testsuite.TS_PracticeLocateElement" time="22.609" errors="0" timestamp="2025-02-07T23:05:52 ICT" skipped="0">
  <testcase classname="automation.testsuite.TS_PracticeLocateElement" name="locateByName" time="22.609"/>
  <system-out/>
</testsuite> <!-- automation.testsuite.TS_PracticeLocateElement -->
