<?xml version="1.0" encoding="UTF-8"?>
<!-- Generated by org.testng.reporters.JUnitReportReporter -->
<testsuite hostname="Mais-MacBook-Air.local" failures="0" tests="1" name="automation.testsuite.HomeWork_day13" time="7.949" errors="0" timestamp="2025-02-25T21:13:11 ICT" skipped="0">
  <testcase classname="automation.testsuite.HomeWork_day13" name="loginSuccessfully" time="7.949"/>
  <system-out/>
</testsuite> <!-- automation.testsuite.HomeWork_day13 -->
