<?xml version="1.0" encoding="UTF-8"?>
<!-- Generated by org.testng.reporters.JUnitReportReporter -->
<testsuite hostname="192.168.1.8.non-exists.ptr.local" failures="0" tests="1" name="automation.testsuite.Day12_Dropdownlist" time="25.293" errors="0" timestamp="2025-02-19T13:43:10 ICT" skipped="0">
  <testcase classname="automation.testsuite.Day12_Dropdownlist" name="chooseAWSOption" time="25.293"/>
  <system-out/>
</testsuite> <!-- automation.testsuite.Day12_Dropdownlist -->
