<?xml version="1.0" encoding="UTF-8"?>
<!-- Generated by org.testng.reporters.JUnitReportReporter -->
<testsuite hostname="Mais-MacBook-Air.local" failures="0" tests="1" name="automation.testsuite.Day19_BepAnToan_MayHutMui_Test" time="54.760" errors="0" timestamp="2025-03-30T00:44:57 ICT" skipped="0">
  <testcase classname="automation.testsuite.Day19_BepAnToan_MayHutMui_Test" name="filterMayHutMui_special" time="54.760"/>
  <system-out/>
</testsuite> <!-- automation.testsuite.Day19_BepAnToan_MayHutMui_Test -->
