<?xml version="1.0" encoding="UTF-8"?>
<!-- Generated by org.testng.reporters.JUnitReportReporter -->
<testsuite hostname="Mais-MacBook-Air.local" failures="0" tests="1" name="automation.testsuite.Day15_DatePicker_Input" time="8.000" errors="0" timestamp="2025-03-02T21:42:19 ICT" skipped="0">
  <testcase classname="automation.testsuite.Day15_DatePicker_Input" name="typeToDatePicker" time="8.000"/>
  <system-out/>
</testsuite> <!-- automation.testsuite.Day15_DatePicker_Input -->
