<?xml version="1.0" encoding="UTF-8"?>
<!-- Generated by org.testng.reporters.JUnitReportReporter -->
<testsuite hostname="Mais-MacBook-Air.local" failures="0" tests="1" name="automation.testsuite.Day14_BTVN_ALADA_Test" time="51.345" errors="0" timestamp="2025-03-04T22:30:00 ICT" skipped="0">
  <testcase classname="automation.testsuite.Day14_BTVN_ALADA_Test" name="SignupSuccessfully" time="51.345"/>
  <system-out/>
</testsuite> <!-- automation.testsuite.Day14_BTVN_ALADA_Test -->
