<?xml version="1.0" encoding="UTF-8"?>
<!-- Generated by org.testng.reporters.JUnitReportReporter -->
<testsuite hostname="Mais-MacBook-Air.local" failures="0" tests="1" name="automation.testsuite.Day14_Logintest" time="44.170" errors="0" timestamp="2025-03-01T10:25:41 ICT" skipped="0">
  <testcase classname="automation.testsuite.Day14_Logintest" name="LoginSuccessfully" time="44.170"/>
  <system-out/>
</testsuite> <!-- automation.testsuite.Day14_Logintest -->
