<?xml version="1.0" encoding="UTF-8"?>
<!-- Generated by org.testng.reporters.JUnitReportReporter -->
<testsuite hostname="Mais-MacBook-Air.local" failures="0" tests="1" name="automation.testsuite.Day16_Homework_Exercise2" time="21.411" errors="0" timestamp="2025-03-09T14:53:22 ICT" skipped="0">
  <testcase classname="automation.testsuite.Day16_Homework_Exercise2" name="pressOkButton" time="21.411"/>
  <system-out/>
</testsuite> <!-- automation.testsuite.Day16_Homework_Exercise2 -->
