<?xml version="1.0" encoding="UTF-8"?>
<!-- Generated by org.testng.reporters.JUnitReportReporter -->
<testsuite hostname="Mais-MacBook-Air.local" failures="0" tests="1" name="automation.testsuite.Day17_Iframe_Test" time="13.122" errors="0" timestamp="2025-03-10T22:00:28 ICT" skipped="0">
  <testcase classname="automation.testsuite.Day17_Iframe_Test" name="dangKyNhanTuVan_KhongThanhCong_MisingEmail" time="13.122"/>
  <system-out/>
</testsuite> <!-- automation.testsuite.Day17_Iframe_Test -->
