<?xml version="1.0" encoding="UTF-8"?>
<!-- Generated by org.testng.reporters.JUnitReportReporter -->
<testsuite hostname="Mais-MacBook-Air.local" failures="0" tests="2" name="automation.testsuite.Day16_CRMStar_QuanLyKVLV_Test" time="17.771" errors="0" timestamp="2025-03-14T23:09:13 ICT" skipped="0">
  <testcase classname="automation.testsuite.Day16_CRMStar_QuanLyKVLV_Test" name="themKLVThanhCong" time="5.209"/>
  <system-out/>
  <testcase classname="automation.testsuite.Day16_CRMStar_QuanLyKVLV_Test" name="xoaKLVThanhCong" time="12.562"/>
  <system-out/>
</testsuite> <!-- automation.testsuite.Day16_CRMStar_QuanLyKVLV_Test -->
