<?xml version="1.0" encoding="UTF-8"?>
<!-- Generated by org.testng.reporters.JUnitReportReporter -->
<testsuite hostname="Mais-MacBook-Air.local" failures="0" tests="4" name="automation.testsuite.TS_PracticeLocateElement_Ex2" time="34.049" errors="0" timestamp="2025-02-07T23:06:43 ICT" skipped="0">
  <testcase classname="automation.testsuite.TS_PracticeLocateElement_Ex2" name="locateByTagName" time="7.086"/>
  <system-out/>
  <testcase classname="automation.testsuite.TS_PracticeLocateElement_Ex2" name="locateById" time="8.964"/>
  <system-out/>
  <testcase classname="automation.testsuite.TS_PracticeLocateElement_Ex2" name="locateByLinkText" time="9.406"/>
  <system-out/>
  <testcase classname="automation.testsuite.TS_PracticeLocateElement_Ex2" name="locateByName" time="8.593"/>
  <system-out/>
</testsuite> <!-- automation.testsuite.TS_PracticeLocateElement_Ex2 -->
