<?xml version="1.0" encoding="UTF-8"?>
<!-- Generated by org.testng.reporters.JUnitReportReporter -->
<testsuite hostname="Mais-MacBook-Air.local" failures="0" tests="1" name="automation.testsuite.Day13_LoginCRMStarTest" time="7.196" errors="0" timestamp="2025-03-01T13:18:24 ICT" skipped="0">
  <testcase classname="automation.testsuite.Day13_LoginCRMStarTest" name="themNhanVien" time="7.196"/>
  <system-out/>
</testsuite> <!-- automation.testsuite.Day13_LoginCRMStarTest -->
